<?xml version="1.0" encoding="UTF-8"?>
<!-- Generated by org.testng.reporters.JUnitReportReporter -->
<testsuite skipped="0" hostname="ip-172-31-31-0" name="com.example.jenkinsimplilearn.TestClass" tests="2" failures="0" timestamp="2022-04-05T10:39:50 UTC" time="3.244" errors="0">
  <testcase name="test1" time="3.242" classname="com.example.jenkinsimplilearn.TestClass"/>
  <system-out/>
  <testcase name="test2" time="0.002" classname="com.example.jenkinsimplilearn.TestClass"/>
  <system-out/>
</testsuite> <!-- com.example.jenkinsimplilearn.TestClass -->
